<?xml version="1.0" encoding="UTF-8"?>
<!-- Generated by org.testng.reporters.JUnitReportReporter -->
<testsuite hostname="DESKTOP-TKM5AQQ" name="testcases.ExecuteTest" tests="3" failures="0" timestamp="12 Apr 2019 02:52:42 GMT" time="114.455" errors="0">
  <testcase name="loginToFlightReservation" time="101.538" classname="testcases.ExecuteTest"/>
  <testcase name="bookATicket" time="8.995" classname="testcases.ExecuteTest"/>
  <testcase name="launchFlightReservationApplication" time="3.922" classname="testcases.ExecuteTest"/>
</testsuite> <!-- testcases.ExecuteTest -->
