<?xml version="1.0" encoding="UTF-8"?>
<!-- Generated by org.testng.reporters.JUnitReportReporter -->
<testsuite hostname="DESKTOP-TKM5AQQ" name="testcases.ExecuteTest" tests="3" failures="0" timestamp="12 Apr 2019 01:50:43 GMT" time="27.943" errors="0">
  <testcase name="loginToFlightReservation" time="9.192" classname="testcases.ExecuteTest"/>
  <testcase name="bookATicket" time="8.772" classname="testcases.ExecuteTest"/>
  <testcase name="launchFlightReservationApplication" time="9.979" classname="testcases.ExecuteTest"/>
</testsuite> <!-- testcases.ExecuteTest -->
